<?xml version="1.0" encoding="UTF-8"?>
<!-- Generated by org.testng.reporters.JUnitXMLReporter -->
<testsuite ignored="4" hostname="DESKTOP-NR7OAAO" failures="3" tests="33" name="Test" time="983.259" errors="0" timestamp="2024-06-28T17:08:01 IST">
  <testcase classname="Testcaseoutp.LoginpageTest" name="loginTestmethod" time="1.138"/>
  <testcase classname="Testcaseoutp.HomePagetests" name="OnlineCunsultation" time="9.249"/>
  <testcase classname="Testcaseoutp.HomePagetests" name="personalizedreport" time="6.427"/>
  <testcase classname="Testcaseoutp.HomePagetests" name="viewallfirsthind" time="0.121"/>
  <testcase classname="Testcaseoutp.HomePagetests" name="viewallenglish" time="0.162"/>
  <testcase classname="Testcaseoutp.HomePagetests" name="viewallAstro" time="4.382"/>
  <testcase classname="Testcaseoutp.HomePagetests" name="viewallinstructorrr" time="0.063"/>
  <testcase classname="Testcaseoutp.HomePagetests" name="contactuspage" time="31.893">
    <failure type="org.openqa.selenium.ElementClickInterceptedException" message="element click intercepted: Element &amp;lt;a href=&amp;quot;/classes?english=on&amp;quot; class=&amp;quot;btn btn-border-white mobile-btn&amp;quot;&amp;gt;...&amp;lt;/a&amp;gt; is not clickable at point (1138, 22). Other element would receive the click: &amp;lt;div class=&amp;quot;d-flex align-items-center justify-content-between w-100&amp;quot;&amp;gt;...&amp;lt;/div&amp;gt;
  (Session info: chrome=126.0.6478.127)
Build info: version: &amp;apos;4.20.0&amp;apos;, revision: &amp;apos;866c76ca80&amp;apos;
System info: os.name: &amp;apos;Windows 10&amp;apos;, os.arch: &amp;apos;amd64&amp;apos;, os.version: &amp;apos;10.0&amp;apos;, java.version: &amp;apos;22.0.1&amp;apos;
Driver info: org.openqa.selenium.chrome.ChromeDriver
Command: [d844fe6e3043adf2bfc087164d2bf5c8, clickElement {id=f.BCDA48F2D7587B655224B26DF84A8945.d.18DF6D2D863FA857888F317361A580E3.e.93}]
Capabilities {acceptInsecureCerts: false, browserName: chrome, browserVersion: 126.0.6478.127, chrome: {chromedriverVersion: 126.0.6478.126 (d36ace6122e..., userDataDir: C:\Users\dell\AppData\Local...}, fedcm:accounts: true, goog:chromeOptions: {debuggerAddress: localhost:2995}, networkConnectionEnabled: false, pageLoadStrategy: normal, platformName: windows, proxy: Proxy(), se:cdp: ws://localhost:2995/devtool..., se:cdpVersion: 126.0.6478.127, setWindowRect: true, strictFileInteractability: false, timeouts: {implicit: 0, pageLoad: 300000, script: 30000}, unhandledPromptBehavior: dismiss and notify, webauthn:extension:credBlob: true, webauthn:extension:largeBlob: true, webauthn:extension:minPinLength: true, webauthn:extension:prf: true, webauthn:virtualAuthenticators: true}
Element: [[ChromeDriver: chrome on windows (d844fe6e3043adf2bfc087164d2bf5c8)] -&amp;gt; xpath: (//a[contains(text(),&amp;apos;View All&amp;apos;)])[2]]
Session ID: d844fe6e3043adf2bfc087164d2bf5c8">
      <![CDATA[org.openqa.selenium.ElementClickInterceptedException: element click intercepted: Element <a href="/classes?english=on" class="btn btn-border-white mobile-btn">...</a> is not clickable at point (1138, 22). Other element would receive the click: <div class="d-flex align-items-center justify-content-between w-100">...</div>
  (Session info: chrome=126.0.6478.127)
Build info: version: '4.20.0', revision: '866c76ca80'
System info: os.name: 'Windows 10', os.arch: 'amd64', os.version: '10.0', java.version: '22.0.1'
Driver info: org.openqa.selenium.chrome.ChromeDriver
Command: [d844fe6e3043adf2bfc087164d2bf5c8, clickElement {id=f.BCDA48F2D7587B655224B26DF84A8945.d.18DF6D2D863FA857888F317361A580E3.e.93}]
Capabilities {acceptInsecureCerts: false, browserName: chrome, browserVersion: 126.0.6478.127, chrome: {chromedriverVersion: 126.0.6478.126 (d36ace6122e..., userDataDir: C:\Users\dell\AppData\Local...}, fedcm:accounts: true, goog:chromeOptions: {debuggerAddress: localhost:2995}, networkConnectionEnabled: false, pageLoadStrategy: normal, platformName: windows, proxy: Proxy(), se:cdp: ws://localhost:2995/devtool..., se:cdpVersion: 126.0.6478.127, setWindowRect: true, strictFileInteractability: false, timeouts: {implicit: 0, pageLoad: 300000, script: 30000}, unhandledPromptBehavior: dismiss and notify, webauthn:extension:credBlob: true, webauthn:extension:largeBlob: true, webauthn:extension:minPinLength: true, webauthn:extension:prf: true, webauthn:virtualAuthenticators: true}
Element: [[ChromeDriver: chrome on windows (d844fe6e3043adf2bfc087164d2bf5c8)] -> xpath: (//a[contains(text(),'View All')])[2]]
Session ID: d844fe6e3043adf2bfc087164d2bf5c8
at org.openqa.selenium.remote.ErrorCodec.decode(ErrorCodec.java:167)
at org.openqa.selenium.remote.codec.w3c.W3CHttpResponseCodec.decode(W3CHttpResponseCodec.java:138)
at org.openqa.selenium.remote.codec.w3c.W3CHttpResponseCodec.decode(W3CHttpResponseCodec.java:50)
at org.openqa.selenium.remote.HttpCommandExecutor.execute(HttpCommandExecutor.java:190)
at org.openqa.selenium.remote.service.DriverCommandExecutor.invokeExecute(DriverCommandExecutor.java:216)
at org.openqa.selenium.remote.service.DriverCommandExecutor.execute(DriverCommandExecutor.java:174)
at org.openqa.selenium.remote.RemoteWebDriver.execute(RemoteWebDriver.java:518)
at org.openqa.selenium.remote.RemoteWebElement.execute(RemoteWebElement.java:223)
at org.openqa.selenium.remote.RemoteWebElement.click(RemoteWebElement.java:76)
at PageObject.HomePaget.viewallbtnenglish(HomePaget.java:127)
at Testcaseoutp.HomePagetests.contactuspage(HomePagetests.java:244)
at java.base/java.util.ArrayList.forEach(ArrayList.java:1597)
... Removed 28 stack frames]]>
    </failure>
  </testcase> <!-- contactuspage -->
  <testcase classname="Testcaseoutp.HomePagetests" name="socialmedialiinksmethos" time="3.19"/>
  <testcase classname="Testcaseoutp.HomePagetests" name="addresstes" time="0.114"/>
  <testcase classname="Testcaseoutp.HomePagetests" name="getintouchEmail" time="3.508"/>
  <testcase classname="Testcaseoutp.UserPaneTest" name="checklearningPage" time="20.44"/>
  <testcase classname="Testcaseoutp.UserPaneTest" name="coursespagetest" time="16.744"/>
  <testcase classname="Testcaseoutp.UserPaneTest" name="purchasesection" time="74.54"/>
  <testcase classname="Testcaseoutp.UserPaneTest" name="mycomments" time="24.761"/>
  <testcase classname="Testcaseoutp.UserPaneTest" name="favoritesection" time="23.775"/>
  <testcase classname="Testcaseoutp.UserPaneTest" name="Assignmentpage" time="12.748"/>
  <testcase classname="Testcaseoutp.UserPaneTest" name="quizzes" time="17.36"/>
  <testcase classname="Testcaseoutp.UserPaneTest" name="notparticpated" time="15.585"/>
  <testcase classname="Testcaseoutp.UserPaneTest" name="Financialsummary" time="12.19"/>
  <testcase classname="Testcaseoutp.UserPaneTest" name="installmentpage" time="14.35"/>
  <testcase classname="Testcaseoutp.UserPaneTest" name="viewdeatails" time="21.651"/>
  <testcase classname="Testcaseoutp.UserPaneTest" name="supporttest" time="11.125"/>
  <testcase classname="Testcaseoutp.UserPaneTest" name="supporttabew" time="13.658"/>
  <testcase classname="Testcaseoutp.UserPaneTest" name="Incustomersupport" time="12.611"/>
  <testcase classname="Testcaseoutp.UserPaneTest" name="ticketcustom" time="16.032"/>
  <testcase classname="Testcaseoutp.UserPaneTest" name="ticketcusto" time="16.166"/>
  <testcase classname="Testcaseoutp.UserPaneTest" name="Forumtab" time="23.557"/>
  <testcase classname="Testcaseoutp.UserPaneTest" name="Forumtabnewtopics" time="16.26"/>
  <testcase classname="Testcaseoutp.UserPaneTest" name="Forumtabnewtopics1" time="63.471"/>
  <testcase classname="Testcaseoutp.UserPaneTest" name="ForumtabnewPost" time="26.727">
    <failure type="org.openqa.selenium.NoSuchElementException" message="Unable to find element with locator By.xpath: //input[@name=&amp;apos;username&amp;apos;]
For documentation on this error, please visit: https://www.selenium.dev/documentation/webdriver/troubleshooting/errors#no-such-element-exception
Build info: version: &amp;apos;4.20.0&amp;apos;, revision: &amp;apos;866c76ca80&amp;apos;
System info: os.name: &amp;apos;Windows 10&amp;apos;, os.arch: &amp;apos;amd64&amp;apos;, os.version: &amp;apos;10.0&amp;apos;, java.version: &amp;apos;22.0.1&amp;apos;
Driver info: driver.version: RemoteWebDriver">
      <![CDATA[org.openqa.selenium.NoSuchElementException: Unable to find element with locator By.xpath: //input[@name='username']
For documentation on this error, please visit: https://www.selenium.dev/documentation/webdriver/troubleshooting/errors#no-such-element-exception
Build info: version: '4.20.0', revision: '866c76ca80'
System info: os.name: 'Windows 10', os.arch: 'amd64', os.version: '10.0', java.version: '22.0.1'
Driver info: driver.version: RemoteWebDriver
at org.openqa.selenium.remote.ElementLocation$ElementFinder$2.findElement(ElementLocation.java:168)
at org.openqa.selenium.remote.ElementLocation.findElement(ElementLocation.java:59)
at org.openqa.selenium.remote.RemoteWebDriver.findElement(RemoteWebDriver.java:355)
at org.openqa.selenium.remote.RemoteWebDriver.findElement(RemoteWebDriver.java:349)
at PageObject.LoginPage.logincase(LoginPage.java:42)
at Testcaseoutp.UserPaneTest.ForumtabnewPost(UserPaneTest.java:579)
at java.base/java.util.ArrayList.forEach(ArrayList.java:1597)
... Removed 25 stack frames]]>
    </failure>
  </testcase> <!-- ForumtabnewPost -->
  <testcase classname="Testcaseoutp.UserPaneTest" name="bookmarkspage" time="26.964"/>
  <testcase classname="Testcaseoutp.UserPaneTest" name="logoutpageuser" time="86.425">
    <failure type="org.openqa.selenium.NoSuchElementException" message="Unable to find element with locator By.xpath: //span[normalize-space()=&amp;apos;Log out&amp;apos;]
For documentation on this error, please visit: https://www.selenium.dev/documentation/webdriver/troubleshooting/errors#no-such-element-exception
Build info: version: &amp;apos;4.20.0&amp;apos;, revision: &amp;apos;866c76ca80&amp;apos;
System info: os.name: &amp;apos;Windows 10&amp;apos;, os.arch: &amp;apos;amd64&amp;apos;, os.version: &amp;apos;10.0&amp;apos;, java.version: &amp;apos;22.0.1&amp;apos;
Driver info: driver.version: RemoteWebDriver">
      <![CDATA[org.openqa.selenium.NoSuchElementException: Unable to find element with locator By.xpath: //span[normalize-space()='Log out']
For documentation on this error, please visit: https://www.selenium.dev/documentation/webdriver/troubleshooting/errors#no-such-element-exception
Build info: version: '4.20.0', revision: '866c76ca80'
System info: os.name: 'Windows 10', os.arch: 'amd64', os.version: '10.0', java.version: '22.0.1'
Driver info: driver.version: RemoteWebDriver
at org.openqa.selenium.remote.ElementLocation$ElementFinder$2.findElement(ElementLocation.java:168)
at org.openqa.selenium.remote.ElementLocation.findElement(ElementLocation.java:59)
at org.openqa.selenium.remote.RemoteWebDriver.findElement(RemoteWebDriver.java:355)
at org.openqa.selenium.remote.RemoteWebDriver.findElement(RemoteWebDriver.java:349)
at PageObject.UserPanel.logoutpageuser(UserPanel.java:245)
at Testcaseoutp.UserPaneTest.logoutpageuser(UserPaneTest.java:619)
at java.base/java.util.ArrayList.forEach(ArrayList.java:1597)
... Removed 25 stack frames]]>
    </failure>
  </testcase> <!-- logoutpageuser -->
  <testcase classname="baseclass.BaseTestclass" name="@AfterSuite afterlast" time="0.0">
    <ignored/>
  </testcase> <!-- @AfterSuite afterlast -->
  <testcase classname="baseclass.BaseTestclass" name="@AfterSuite afterlast" time="0.0">
    <ignored/>
  </testcase> <!-- @AfterSuite afterlast -->
  <testcase classname="baseclass.BaseTestclass" name="@BeforeSuite beforessuit" time="0.0">
    <ignored/>
  </testcase> <!-- @BeforeSuite beforessuit -->
  <testcase classname="baseclass.BaseTestclass" name="@BeforeSuite beforessuit" time="0.0">
    <ignored/>
  </testcase> <!-- @BeforeSuite beforessuit -->
</testsuite> <!-- Test -->
