<html>
<head>
<title>TestNG:  Test</title>
<link href="../testng.css" rel="stylesheet" type="text/css" />
<link href="../my-testng.css" rel="stylesheet" type="text/css" />

<style type="text/css">
.log { display: none;} 
.stack-trace { display: none;} 
</style>
<script type="text/javascript">
<!--
function flip(e) {
  current = e.style.display;
  if (current == 'block') {
    e.style.display = 'none';
    return 0;
  }
  else {
    e.style.display = 'block';
    return 1;
  }
}

function toggleBox(szDivId, elem, msg1, msg2)
{
  var res = -1;  if (document.getElementById) {
    res = flip(document.getElementById(szDivId));
  }
  else if (document.all) {
    // this is the way old msie versions work
    res = flip(document.all[szDivId]);
  }
  if(elem) {
    if(res == 0) elem.innerHTML = msg1; else elem.innerHTML = msg2;
  }

}

function toggleAllBoxes() {
  if (document.getElementsByTagName) {
    d = document.getElementsByTagName('div');
    for (i = 0; i < d.length; i++) {
      if (d[i].className == 'log') {
        flip(d[i]);
      }
    }
  }
}

// -->
</script>

</head>
<body>
<h2 align='center'>Test</h2><table border='1' align="center">
<tr>
<td>Tests passed/Failed/Skipped:</td><td>30/3/0</td>
</tr><tr>
<td>Started on:</td><td>Fri Jun 28 16:51:38 IST 2024</td>
</tr>
<tr><td>Total time:</td><td>983 seconds (983259 ms)</td>
</tr><tr>
<td>Included groups:</td><td></td>
</tr><tr>
<td>Excluded groups:</td><td></td>
</tr>
</table><p/>
<small><i>(Hover the method name to see the test class name)</i></small><p/>
<table width='100%' border='1' class='invocation-failed'>
<tr><td colspan='4' align='center'><b>FAILED TESTS</b></td></tr>
<tr><td><b>Test method</b></td>
<td width="30%"><b>Exception</b></td>
<td width="10%"><b>Time (seconds)</b></td>
<td><b>Instance</b></td>
</tr>
<tr>
<td title='Testcaseoutp.UserPaneTest.ForumtabnewPost()'><b>ForumtabnewPost</b><br>Test class: Testcaseoutp.UserPaneTest</td>
<td><div><pre>org.openqa.selenium.NoSuchElementException: Unable to find element with locator By.xpath: //input[@name=&apos;username&apos;]
For documentation on this error, please visit: https://www.selenium.dev/documentation/webdriver/troubleshooting/errors#no-such-element-exception
Build info: version: &apos;4.20.0&apos;, revision: &apos;866c76ca80&apos;
System info: os.name: &apos;Windows 10&apos;, os.arch: &apos;amd64&apos;, os.version: &apos;10.0&apos;, java.version: &apos;22.0.1&apos;
Driver info: driver.version: RemoteWebDriver
	at org.openqa.selenium.remote.ElementLocation$ElementFinder$2.findElement(ElementLocation.java:168)
	at org.openqa.selenium.remote.ElementLocation.findElement(ElementLocation.java:59)
	at org.openqa.selenium.remote.RemoteWebDriver.findElement(RemoteWebDriver.java:355)
	at org.openqa.selenium.remote.RemoteWebDriver.findElement(RemoteWebDriver.java:349)
	at PageObject.LoginPage.logincase(LoginPage.java:42)
	at Testcaseoutp.UserPaneTest.ForumtabnewPost(UserPaneTest.java:579)
	at java.base/java.util.ArrayList.forEach(ArrayList.java:1597)
... Removed 25 stack frames</pre></div><a href='#' onClick='toggleBox("stack-trace1036502525", this, "Click to show all stack frames", "Click to hide stack frames")'>Click to show all stack frames</a>
<div class='stack-trace' id='stack-trace1036502525'><pre>org.openqa.selenium.NoSuchElementException: Unable to find element with locator By.xpath: //input[@name=&apos;username&apos;]
For documentation on this error, please visit: https://www.selenium.dev/documentation/webdriver/troubleshooting/errors#no-such-element-exception
Build info: version: &apos;4.20.0&apos;, revision: &apos;866c76ca80&apos;
System info: os.name: &apos;Windows 10&apos;, os.arch: &apos;amd64&apos;, os.version: &apos;10.0&apos;, java.version: &apos;22.0.1&apos;
Driver info: driver.version: RemoteWebDriver
	at org.openqa.selenium.remote.ElementLocation$ElementFinder$2.findElement(ElementLocation.java:168)
	at org.openqa.selenium.remote.ElementLocation.findElement(ElementLocation.java:59)
	at org.openqa.selenium.remote.RemoteWebDriver.findElement(RemoteWebDriver.java:355)
	at org.openqa.selenium.remote.RemoteWebDriver.findElement(RemoteWebDriver.java:349)
	at PageObject.LoginPage.logincase(LoginPage.java:42)
	at Testcaseoutp.UserPaneTest.ForumtabnewPost(UserPaneTest.java:579)
	at java.base/jdk.internal.reflect.DirectMethodHandleAccessor.invoke(DirectMethodHandleAccessor.java:103)
	at java.base/java.lang.reflect.Method.invoke(Method.java:580)
	at org.testng.internal.MethodInvocationHelper.invokeMethod(MethodInvocationHelper.java:133)
	at org.testng.internal.TestInvoker.invokeMethod(TestInvoker.java:598)
	at org.testng.internal.TestInvoker.invokeTestMethod(TestInvoker.java:173)
	at org.testng.internal.MethodRunner.runInSequence(MethodRunner.java:46)
	at org.testng.internal.TestInvoker$MethodInvocationAgent.invoke(TestInvoker.java:824)
	at org.testng.internal.TestInvoker.invokeTestMethods(TestInvoker.java:146)
	at org.testng.internal.TestMethodWorker.invokeTestMethods(TestMethodWorker.java:146)
	at org.testng.internal.TestMethodWorker.run(TestMethodWorker.java:128)
	at java.base/java.util.ArrayList.forEach(ArrayList.java:1597)
	at org.testng.TestRunner.privateRun(TestRunner.java:794)
	at org.testng.TestRunner.run(TestRunner.java:596)
	at org.testng.SuiteRunner.runTest(SuiteRunner.java:377)
	at org.testng.SuiteRunner.runSequentially(SuiteRunner.java:371)
	at org.testng.SuiteRunner.privateRun(SuiteRunner.java:332)
	at org.testng.SuiteRunner.run(SuiteRunner.java:276)
	at org.testng.SuiteRunnerWorker.runSuite(SuiteRunnerWorker.java:53)
	at org.testng.SuiteRunnerWorker.run(SuiteRunnerWorker.java:96)
	at org.testng.TestNG.runSuitesSequentially(TestNG.java:1212)
	at org.testng.TestNG.runSuitesLocally(TestNG.java:1134)
	at org.testng.TestNG.runSuites(TestNG.java:1063)
	at org.testng.TestNG.run(TestNG.java:1031)
	at org.testng.remote.AbstractRemoteTestNG.run(AbstractRemoteTestNG.java:115)
	at org.testng.remote.RemoteTestNG.initAndRun(RemoteTestNG.java:293)
	at org.testng.remote.RemoteTestNG.main(RemoteTestNG.java:91)
</pre></div></td>
<td>26</td>
<td>Testcaseoutp.UserPaneTest@247bddad</td></tr>
<tr>
<td title='Testcaseoutp.HomePagetests.contactuspage()'><b>contactuspage</b><br>Test class: Testcaseoutp.HomePagetests</td>
<td><div><pre>org.openqa.selenium.ElementClickInterceptedException: element click intercepted: Element &lt;a href=&quot;/classes?english=on&quot; class=&quot;btn btn-border-white mobile-btn&quot;&gt;...&lt;/a&gt; is not clickable at point (1138, 22). Other element would receive the click: &lt;div class=&quot;d-flex align-items-center justify-content-between w-100&quot;&gt;...&lt;/div&gt;
  (Session info: chrome=126.0.6478.127)
Build info: version: &apos;4.20.0&apos;, revision: &apos;866c76ca80&apos;
System info: os.name: &apos;Windows 10&apos;, os.arch: &apos;amd64&apos;, os.version: &apos;10.0&apos;, java.version: &apos;22.0.1&apos;
Driver info: org.openqa.selenium.chrome.ChromeDriver
Command: [d844fe6e3043adf2bfc087164d2bf5c8, clickElement {id=f.BCDA48F2D7587B655224B26DF84A8945.d.18DF6D2D863FA857888F317361A580E3.e.93}]
Capabilities {acceptInsecureCerts: false, browserName: chrome, browserVersion: 126.0.6478.127, chrome: {chromedriverVersion: 126.0.6478.126 (d36ace6122e..., userDataDir: C:\Users\dell\AppData\Local...}, fedcm:accounts: true, goog:chromeOptions: {debuggerAddress: localhost:2995}, networkConnectionEnabled: false, pageLoadStrategy: normal, platformName: windows, proxy: Proxy(), se:cdp: ws://localhost:2995/devtool..., se:cdpVersion: 126.0.6478.127, setWindowRect: true, strictFileInteractability: false, timeouts: {implicit: 0, pageLoad: 300000, script: 30000}, unhandledPromptBehavior: dismiss and notify, webauthn:extension:credBlob: true, webauthn:extension:largeBlob: true, webauthn:extension:minPinLength: true, webauthn:extension:prf: true, webauthn:virtualAuthenticators: true}
Element: [[ChromeDriver: chrome on windows (d844fe6e3043adf2bfc087164d2bf5c8)] -&gt; xpath: (//a[contains(text(),&apos;View All&apos;)])[2]]
Session ID: d844fe6e3043adf2bfc087164d2bf5c8
	at org.openqa.selenium.remote.ErrorCodec.decode(ErrorCodec.java:167)
	at org.openqa.selenium.remote.codec.w3c.W3CHttpResponseCodec.decode(W3CHttpResponseCodec.java:138)
	at org.openqa.selenium.remote.codec.w3c.W3CHttpResponseCodec.decode(W3CHttpResponseCodec.java:50)
	at org.openqa.selenium.remote.HttpCommandExecutor.execute(HttpCommandExecutor.java:190)
	at org.openqa.selenium.remote.service.DriverCommandExecutor.invokeExecute(DriverCommandExecutor.java:216)
	at org.openqa.selenium.remote.service.DriverCommandExecutor.execute(DriverCommandExecutor.java:174)
	at org.openqa.selenium.remote.RemoteWebDriver.execute(RemoteWebDriver.java:518)
	at org.openqa.selenium.remote.RemoteWebElement.execute(RemoteWebElement.java:223)
	at org.openqa.selenium.remote.RemoteWebElement.click(RemoteWebElement.java:76)
	at PageObject.HomePaget.viewallbtnenglish(HomePaget.java:127)
	at Testcaseoutp.HomePagetests.contactuspage(HomePagetests.java:244)
	at java.base/java.util.ArrayList.forEach(ArrayList.java:1597)
... Removed 28 stack frames</pre></div><a href='#' onClick='toggleBox("stack-trace1391890442", this, "Click to show all stack frames", "Click to hide stack frames")'>Click to show all stack frames</a>
<div class='stack-trace' id='stack-trace1391890442'><pre>org.openqa.selenium.ElementClickInterceptedException: element click intercepted: Element &lt;a href=&quot;/classes?english=on&quot; class=&quot;btn btn-border-white mobile-btn&quot;&gt;...&lt;/a&gt; is not clickable at point (1138, 22). Other element would receive the click: &lt;div class=&quot;d-flex align-items-center justify-content-between w-100&quot;&gt;...&lt;/div&gt;
  (Session info: chrome=126.0.6478.127)
Build info: version: &apos;4.20.0&apos;, revision: &apos;866c76ca80&apos;
System info: os.name: &apos;Windows 10&apos;, os.arch: &apos;amd64&apos;, os.version: &apos;10.0&apos;, java.version: &apos;22.0.1&apos;
Driver info: org.openqa.selenium.chrome.ChromeDriver
Command: [d844fe6e3043adf2bfc087164d2bf5c8, clickElement {id=f.BCDA48F2D7587B655224B26DF84A8945.d.18DF6D2D863FA857888F317361A580E3.e.93}]
Capabilities {acceptInsecureCerts: false, browserName: chrome, browserVersion: 126.0.6478.127, chrome: {chromedriverVersion: 126.0.6478.126 (d36ace6122e..., userDataDir: C:\Users\dell\AppData\Local...}, fedcm:accounts: true, goog:chromeOptions: {debuggerAddress: localhost:2995}, networkConnectionEnabled: false, pageLoadStrategy: normal, platformName: windows, proxy: Proxy(), se:cdp: ws://localhost:2995/devtool..., se:cdpVersion: 126.0.6478.127, setWindowRect: true, strictFileInteractability: false, timeouts: {implicit: 0, pageLoad: 300000, script: 30000}, unhandledPromptBehavior: dismiss and notify, webauthn:extension:credBlob: true, webauthn:extension:largeBlob: true, webauthn:extension:minPinLength: true, webauthn:extension:prf: true, webauthn:virtualAuthenticators: true}
Element: [[ChromeDriver: chrome on windows (d844fe6e3043adf2bfc087164d2bf5c8)] -&gt; xpath: (//a[contains(text(),&apos;View All&apos;)])[2]]
Session ID: d844fe6e3043adf2bfc087164d2bf5c8
	at java.base/jdk.internal.reflect.DirectConstructorHandleAccessor.newInstance(DirectConstructorHandleAccessor.java:62)
	at java.base/java.lang.reflect.Constructor.newInstanceWithCaller(Constructor.java:502)
	at java.base/java.lang.reflect.Constructor.newInstance(Constructor.java:486)
	at org.openqa.selenium.remote.ErrorCodec.decode(ErrorCodec.java:167)
	at org.openqa.selenium.remote.codec.w3c.W3CHttpResponseCodec.decode(W3CHttpResponseCodec.java:138)
	at org.openqa.selenium.remote.codec.w3c.W3CHttpResponseCodec.decode(W3CHttpResponseCodec.java:50)
	at org.openqa.selenium.remote.HttpCommandExecutor.execute(HttpCommandExecutor.java:190)
	at org.openqa.selenium.remote.service.DriverCommandExecutor.invokeExecute(DriverCommandExecutor.java:216)
	at org.openqa.selenium.remote.service.DriverCommandExecutor.execute(DriverCommandExecutor.java:174)
	at org.openqa.selenium.remote.RemoteWebDriver.execute(RemoteWebDriver.java:518)
	at org.openqa.selenium.remote.RemoteWebElement.execute(RemoteWebElement.java:223)
	at org.openqa.selenium.remote.RemoteWebElement.click(RemoteWebElement.java:76)
	at PageObject.HomePaget.viewallbtnenglish(HomePaget.java:127)
	at Testcaseoutp.HomePagetests.contactuspage(HomePagetests.java:244)
	at java.base/jdk.internal.reflect.DirectMethodHandleAccessor.invoke(DirectMethodHandleAccessor.java:103)
	at java.base/java.lang.reflect.Method.invoke(Method.java:580)
	at org.testng.internal.MethodInvocationHelper.invokeMethod(MethodInvocationHelper.java:133)
	at org.testng.internal.TestInvoker.invokeMethod(TestInvoker.java:598)
	at org.testng.internal.TestInvoker.invokeTestMethod(TestInvoker.java:173)
	at org.testng.internal.MethodRunner.runInSequence(MethodRunner.java:46)
	at org.testng.internal.TestInvoker$MethodInvocationAgent.invoke(TestInvoker.java:824)
	at org.testng.internal.TestInvoker.invokeTestMethods(TestInvoker.java:146)
	at org.testng.internal.TestMethodWorker.invokeTestMethods(TestMethodWorker.java:146)
	at org.testng.internal.TestMethodWorker.run(TestMethodWorker.java:128)
	at java.base/java.util.ArrayList.forEach(ArrayList.java:1597)
	at org.testng.TestRunner.privateRun(TestRunner.java:794)
	at org.testng.TestRunner.run(TestRunner.java:596)
	at org.testng.SuiteRunner.runTest(SuiteRunner.java:377)
	at org.testng.SuiteRunner.runSequentially(SuiteRunner.java:371)
	at org.testng.SuiteRunner.privateRun(SuiteRunner.java:332)
	at org.testng.SuiteRunner.run(SuiteRunner.java:276)
	at org.testng.SuiteRunnerWorker.runSuite(SuiteRunnerWorker.java:53)
	at org.testng.SuiteRunnerWorker.run(SuiteRunnerWorker.java:96)
	at org.testng.TestNG.runSuitesSequentially(TestNG.java:1212)
	at org.testng.TestNG.runSuitesLocally(TestNG.java:1134)
	at org.testng.TestNG.runSuites(TestNG.java:1063)
	at org.testng.TestNG.run(TestNG.java:1031)
	at org.testng.remote.AbstractRemoteTestNG.run(AbstractRemoteTestNG.java:115)
	at org.testng.remote.RemoteTestNG.initAndRun(RemoteTestNG.java:293)
	at org.testng.remote.RemoteTestNG.main(RemoteTestNG.java:91)
</pre></div></td>
<td>31</td>
<td>Testcaseoutp.HomePagetests@7c6908d7</td></tr>
<tr>
<td title='Testcaseoutp.UserPaneTest.logoutpageuser()'><b>logoutpageuser</b><br>Test class: Testcaseoutp.UserPaneTest</td>
<td><div><pre>org.openqa.selenium.NoSuchElementException: Unable to find element with locator By.xpath: //span[normalize-space()=&apos;Log out&apos;]
For documentation on this error, please visit: https://www.selenium.dev/documentation/webdriver/troubleshooting/errors#no-such-element-exception
Build info: version: &apos;4.20.0&apos;, revision: &apos;866c76ca80&apos;
System info: os.name: &apos;Windows 10&apos;, os.arch: &apos;amd64&apos;, os.version: &apos;10.0&apos;, java.version: &apos;22.0.1&apos;
Driver info: driver.version: RemoteWebDriver
	at org.openqa.selenium.remote.ElementLocation$ElementFinder$2.findElement(ElementLocation.java:168)
	at org.openqa.selenium.remote.ElementLocation.findElement(ElementLocation.java:59)
	at org.openqa.selenium.remote.RemoteWebDriver.findElement(RemoteWebDriver.java:355)
	at org.openqa.selenium.remote.RemoteWebDriver.findElement(RemoteWebDriver.java:349)
	at PageObject.UserPanel.logoutpageuser(UserPanel.java:245)
	at Testcaseoutp.UserPaneTest.logoutpageuser(UserPaneTest.java:619)
	at java.base/java.util.ArrayList.forEach(ArrayList.java:1597)
... Removed 25 stack frames</pre></div><a href='#' onClick='toggleBox("stack-trace1858567339", this, "Click to show all stack frames", "Click to hide stack frames")'>Click to show all stack frames</a>
<div class='stack-trace' id='stack-trace1858567339'><pre>org.openqa.selenium.NoSuchElementException: Unable to find element with locator By.xpath: //span[normalize-space()=&apos;Log out&apos;]
For documentation on this error, please visit: https://www.selenium.dev/documentation/webdriver/troubleshooting/errors#no-such-element-exception
Build info: version: &apos;4.20.0&apos;, revision: &apos;866c76ca80&apos;
System info: os.name: &apos;Windows 10&apos;, os.arch: &apos;amd64&apos;, os.version: &apos;10.0&apos;, java.version: &apos;22.0.1&apos;
Driver info: driver.version: RemoteWebDriver
	at org.openqa.selenium.remote.ElementLocation$ElementFinder$2.findElement(ElementLocation.java:168)
	at org.openqa.selenium.remote.ElementLocation.findElement(ElementLocation.java:59)
	at org.openqa.selenium.remote.RemoteWebDriver.findElement(RemoteWebDriver.java:355)
	at org.openqa.selenium.remote.RemoteWebDriver.findElement(RemoteWebDriver.java:349)
	at PageObject.UserPanel.logoutpageuser(UserPanel.java:245)
	at Testcaseoutp.UserPaneTest.logoutpageuser(UserPaneTest.java:619)
	at java.base/jdk.internal.reflect.DirectMethodHandleAccessor.invoke(DirectMethodHandleAccessor.java:103)
	at java.base/java.lang.reflect.Method.invoke(Method.java:580)
	at org.testng.internal.MethodInvocationHelper.invokeMethod(MethodInvocationHelper.java:133)
	at org.testng.internal.TestInvoker.invokeMethod(TestInvoker.java:598)
	at org.testng.internal.TestInvoker.invokeTestMethod(TestInvoker.java:173)
	at org.testng.internal.MethodRunner.runInSequence(MethodRunner.java:46)
	at org.testng.internal.TestInvoker$MethodInvocationAgent.invoke(TestInvoker.java:824)
	at org.testng.internal.TestInvoker.invokeTestMethods(TestInvoker.java:146)
	at org.testng.internal.TestMethodWorker.invokeTestMethods(TestMethodWorker.java:146)
	at org.testng.internal.TestMethodWorker.run(TestMethodWorker.java:128)
	at java.base/java.util.ArrayList.forEach(ArrayList.java:1597)
	at org.testng.TestRunner.privateRun(TestRunner.java:794)
	at org.testng.TestRunner.run(TestRunner.java:596)
	at org.testng.SuiteRunner.runTest(SuiteRunner.java:377)
	at org.testng.SuiteRunner.runSequentially(SuiteRunner.java:371)
	at org.testng.SuiteRunner.privateRun(SuiteRunner.java:332)
	at org.testng.SuiteRunner.run(SuiteRunner.java:276)
	at org.testng.SuiteRunnerWorker.runSuite(SuiteRunnerWorker.java:53)
	at org.testng.SuiteRunnerWorker.run(SuiteRunnerWorker.java:96)
	at org.testng.TestNG.runSuitesSequentially(TestNG.java:1212)
	at org.testng.TestNG.runSuitesLocally(TestNG.java:1134)
	at org.testng.TestNG.runSuites(TestNG.java:1063)
	at org.testng.TestNG.run(TestNG.java:1031)
	at org.testng.remote.AbstractRemoteTestNG.run(AbstractRemoteTestNG.java:115)
	at org.testng.remote.RemoteTestNG.initAndRun(RemoteTestNG.java:293)
	at org.testng.remote.RemoteTestNG.main(RemoteTestNG.java:91)
</pre></div></td>
<td>86</td>
<td>Testcaseoutp.UserPaneTest@247bddad</td></tr>
</table><p>
<table width='100%' border='1' class='invocation-passed'>
<tr><td colspan='4' align='center'><b>PASSED TESTS</b></td></tr>
<tr><td><b>Test method</b></td>
<td width="30%"><b>Exception</b></td>
<td width="10%"><b>Time (seconds)</b></td>
<td><b>Instance</b></td>
</tr>
<tr>
<td title='Testcaseoutp.HomePagetests.OnlineCunsultation()'><b>OnlineCunsultation</b><br>Test class: Testcaseoutp.HomePagetests</td>
<td></td>
<td>9</td>
<td>Testcaseoutp.HomePagetests@7c6908d7</td></tr>
<tr>
<td title='Testcaseoutp.UserPaneTest.Forumtab()'><b>Forumtab</b><br>Test class: Testcaseoutp.UserPaneTest</td>
<td></td>
<td>23</td>
<td>Testcaseoutp.UserPaneTest@247bddad</td></tr>
<tr>
<td title='Testcaseoutp.UserPaneTest.ticketcustom()'><b>ticketcustom</b><br>Test class: Testcaseoutp.UserPaneTest</td>
<td></td>
<td>16</td>
<td>Testcaseoutp.UserPaneTest@247bddad</td></tr>
<tr>
<td title='Testcaseoutp.HomePagetests.viewallfirsthind()'><b>viewallfirsthind</b><br>Test class: Testcaseoutp.HomePagetests</td>
<td></td>
<td>0</td>
<td>Testcaseoutp.HomePagetests@7c6908d7</td></tr>
<tr>
<td title='Testcaseoutp.HomePagetests.personalizedreport()'><b>personalizedreport</b><br>Test class: Testcaseoutp.HomePagetests</td>
<td></td>
<td>6</td>
<td>Testcaseoutp.HomePagetests@7c6908d7</td></tr>
<tr>
<td title='Testcaseoutp.HomePagetests.viewallinstructorrr()'><b>viewallinstructorrr</b><br>Test class: Testcaseoutp.HomePagetests</td>
<td></td>
<td>0</td>
<td>Testcaseoutp.HomePagetests@7c6908d7</td></tr>
<tr>
<td title='Testcaseoutp.UserPaneTest.quizzes()'><b>quizzes</b><br>Test class: Testcaseoutp.UserPaneTest</td>
<td></td>
<td>17</td>
<td>Testcaseoutp.UserPaneTest@247bddad</td></tr>
<tr>
<td title='Testcaseoutp.UserPaneTest.purchasesection()'><b>purchasesection</b><br>Test class: Testcaseoutp.UserPaneTest</td>
<td></td>
<td>74</td>
<td>Testcaseoutp.UserPaneTest@247bddad</td></tr>
<tr>
<td title='Testcaseoutp.UserPaneTest.coursespagetest()'><b>coursespagetest</b><br>Test class: Testcaseoutp.UserPaneTest</td>
<td></td>
<td>16</td>
<td>Testcaseoutp.UserPaneTest@247bddad</td></tr>
<tr>
<td title='Testcaseoutp.LoginpageTest.loginTestmethod()'><b>loginTestmethod</b><br>Test class: Testcaseoutp.LoginpageTest</td>
<td></td>
<td>1</td>
<td>Testcaseoutp.LoginpageTest@4116aac9</td></tr>
<tr>
<td title='Testcaseoutp.UserPaneTest.favoritesection()'><b>favoritesection</b><br>Test class: Testcaseoutp.UserPaneTest</td>
<td></td>
<td>23</td>
<td>Testcaseoutp.UserPaneTest@247bddad</td></tr>
<tr>
<td title='Testcaseoutp.UserPaneTest.supporttabew()'><b>supporttabew</b><br>Test class: Testcaseoutp.UserPaneTest</td>
<td></td>
<td>13</td>
<td>Testcaseoutp.UserPaneTest@247bddad</td></tr>
<tr>
<td title='Testcaseoutp.UserPaneTest.supporttest()'><b>supporttest</b><br>Test class: Testcaseoutp.UserPaneTest</td>
<td></td>
<td>11</td>
<td>Testcaseoutp.UserPaneTest@247bddad</td></tr>
<tr>
<td title='Testcaseoutp.HomePagetests.viewallAstro()'><b>viewallAstro</b><br>Test class: Testcaseoutp.HomePagetests</td>
<td></td>
<td>4</td>
<td>Testcaseoutp.HomePagetests@7c6908d7</td></tr>
<tr>
<td title='Testcaseoutp.HomePagetests.socialmedialiinksmethos()'><b>socialmedialiinksmethos</b><br>Test class: Testcaseoutp.HomePagetests</td>
<td></td>
<td>3</td>
<td>Testcaseoutp.HomePagetests@7c6908d7</td></tr>
<tr>
<td title='Testcaseoutp.UserPaneTest.Financialsummary()'><b>Financialsummary</b><br>Test class: Testcaseoutp.UserPaneTest</td>
<td></td>
<td>12</td>
<td>Testcaseoutp.UserPaneTest@247bddad</td></tr>
<tr>
<td title='Testcaseoutp.UserPaneTest.Forumtabnewtopics1()'><b>Forumtabnewtopics1</b><br>Test class: Testcaseoutp.UserPaneTest</td>
<td></td>
<td>63</td>
<td>Testcaseoutp.UserPaneTest@247bddad</td></tr>
<tr>
<td title='Testcaseoutp.UserPaneTest.mycomments()'><b>mycomments</b><br>Test class: Testcaseoutp.UserPaneTest</td>
<td></td>
<td>24</td>
<td>Testcaseoutp.UserPaneTest@247bddad</td></tr>
<tr>
<td title='Testcaseoutp.UserPaneTest.Forumtabnewtopics()'><b>Forumtabnewtopics</b><br>Test class: Testcaseoutp.UserPaneTest</td>
<td></td>
<td>16</td>
<td>Testcaseoutp.UserPaneTest@247bddad</td></tr>
<tr>
<td title='Testcaseoutp.UserPaneTest.viewdeatails()'><b>viewdeatails</b><br>Test class: Testcaseoutp.UserPaneTest</td>
<td></td>
<td>21</td>
<td>Testcaseoutp.UserPaneTest@247bddad</td></tr>
<tr>
<td title='Testcaseoutp.UserPaneTest.Assignmentpage()'><b>Assignmentpage</b><br>Test class: Testcaseoutp.UserPaneTest</td>
<td></td>
<td>12</td>
<td>Testcaseoutp.UserPaneTest@247bddad</td></tr>
<tr>
<td title='Testcaseoutp.UserPaneTest.Incustomersupport()'><b>Incustomersupport</b><br>Test class: Testcaseoutp.UserPaneTest</td>
<td></td>
<td>12</td>
<td>Testcaseoutp.UserPaneTest@247bddad</td></tr>
<tr>
<td title='Testcaseoutp.HomePagetests.viewallenglish()'><b>viewallenglish</b><br>Test class: Testcaseoutp.HomePagetests</td>
<td></td>
<td>0</td>
<td>Testcaseoutp.HomePagetests@7c6908d7</td></tr>
<tr>
<td title='Testcaseoutp.UserPaneTest.ticketcusto()'><b>ticketcusto</b><br>Test class: Testcaseoutp.UserPaneTest</td>
<td></td>
<td>16</td>
<td>Testcaseoutp.UserPaneTest@247bddad</td></tr>
<tr>
<td title='Testcaseoutp.UserPaneTest.bookmarkspage()'><b>bookmarkspage</b><br>Test class: Testcaseoutp.UserPaneTest</td>
<td></td>
<td>26</td>
<td>Testcaseoutp.UserPaneTest@247bddad</td></tr>
<tr>
<td title='Testcaseoutp.HomePagetests.addresstes()'><b>addresstes</b><br>Test class: Testcaseoutp.HomePagetests</td>
<td></td>
<td>0</td>
<td>Testcaseoutp.HomePagetests@7c6908d7</td></tr>
<tr>
<td title='Testcaseoutp.HomePagetests.getintouchEmail()'><b>getintouchEmail</b><br>Test class: Testcaseoutp.HomePagetests</td>
<td></td>
<td>3</td>
<td>Testcaseoutp.HomePagetests@7c6908d7</td></tr>
<tr>
<td title='Testcaseoutp.UserPaneTest.notparticpated()'><b>notparticpated</b><br>Test class: Testcaseoutp.UserPaneTest</td>
<td></td>
<td>15</td>
<td>Testcaseoutp.UserPaneTest@247bddad</td></tr>
<tr>
<td title='Testcaseoutp.UserPaneTest.installmentpage()'><b>installmentpage</b><br>Test class: Testcaseoutp.UserPaneTest</td>
<td></td>
<td>14</td>
<td>Testcaseoutp.UserPaneTest@247bddad</td></tr>
<tr>
<td title='Testcaseoutp.UserPaneTest.checklearningPage()'><b>checklearningPage</b><br>Test class: Testcaseoutp.UserPaneTest</td>
<td></td>
<td>20</td>
<td>Testcaseoutp.UserPaneTest@247bddad</td></tr>
</table><p>
</body>
</html>