<?xml version="1.0" encoding="UTF-8"?>
<!-- Generated by org.testng.reporters.JUnitReportReporter -->
<testsuite hostname="DESKTOP-NR7OAAO" failures="0" tests="10" name="Testcaseoutp.HomePagetests" time="159.519" errors="1" timestamp="2024-06-28T17:08:02 IST" skipped="0">
  <testcase classname="Testcaseoutp.HomePagetests" name="OnlineCunsultation" time="17.479"/>
  <system-out/>
  <testcase classname="Testcaseoutp.HomePagetests" name="personalizedreport" time="12.535"/>
  <system-out/>
  <testcase classname="Testcaseoutp.HomePagetests" name="viewallfirsthind" time="3.539"/>
  <system-out/>
  <testcase classname="Testcaseoutp.HomePagetests" name="viewallenglish" time="9.033"/>
  <system-out/>
  <testcase classname="Testcaseoutp.HomePagetests" name="viewallAstro" time="10.651"/>
  <system-out/>
  <testcase classname="Testcaseoutp.HomePagetests" name="viewallinstructorrr" time="18.061"/>
  <system-out/>
  <testcase classname="Testcaseoutp.HomePagetests" name="contactuspage" time="61.885">
    <error message="element click intercepted: Element &lt;a href=&quot;/classes?english=on&quot; class=&quot;btn btn-border-white mobile-btn&quot;&gt;...&lt;/a&gt; is not clickable at point (1138, 22). Other element would receive the click: &lt;div class=&quot;d-flex align-items-center justify-content-between w-100&quot;&gt;...&lt;/div&gt;
  (Session info: chrome=126.0.6478.127)
Build info: version: &#039;4.20.0&#039;, revision: &#039;866c76ca80&#039;
System info: os.name: &#039;Windows 10&#039;, os.arch: &#039;amd64&#039;, os.version: &#039;10.0&#039;, java.version: &#039;22.0.1&#039;
Driver info: org.openqa.selenium.chrome.ChromeDriver
Command: [d844fe6e3043adf2bfc087164d2bf5c8, clickElement {id=f.BCDA48F2D7587B655224B26DF84A8945.d.18DF6D2D863FA857888F317361A580E3.e.93}]
Capabilities {acceptInsecureCerts: false, browserName: chrome, browserVersion: 126.0.6478.127, chrome: {chromedriverVersion: 126.0.6478.126 (d36ace6122e..., userDataDir: C:\Users\dell\AppData\Local...}, fedcm:accounts: true, goog:chromeOptions: {debuggerAddress: localhost:2995}, networkConnectionEnabled: false, pageLoadStrategy: normal, platformName: windows, proxy: Proxy(), se:cdp: ws://localhost:2995/devtool..., se:cdpVersion: 126.0.6478.127, setWindowRect: true, strictFileInteractability: false, timeouts: {implicit: 0, pageLoad: 300000, script: 30000}, unhandledPromptBehavior: dismiss and notify, webauthn:extension:credBlob: true, webauthn:extension:largeBlob: true, webauthn:extension:minPinLength: true, webauthn:extension:prf: true, webauthn:virtualAuthenticators: true}
Element: [[ChromeDriver: chrome on windows (d844fe6e3043adf2bfc087164d2bf5c8)] -&gt; xpath: (//a[contains(text(),&#039;View All&#039;)])[2]]
Session ID: d844fe6e3043adf2bfc087164d2bf5c8" type="org.openqa.selenium.ElementClickInterceptedException">
      <![CDATA[org.openqa.selenium.ElementClickInterceptedException: element click intercepted: Element <a href="/classes?english=on" class="btn btn-border-white mobile-btn">...</a> is not clickable at point (1138, 22). Other element would receive the click: <div class="d-flex align-items-center justify-content-between w-100">...</div>
  (Session info: chrome=126.0.6478.127)
Build info: version: '4.20.0', revision: '866c76ca80'
System info: os.name: 'Windows 10', os.arch: 'amd64', os.version: '10.0', java.version: '22.0.1'
Driver info: org.openqa.selenium.chrome.ChromeDriver
Command: [d844fe6e3043adf2bfc087164d2bf5c8, clickElement {id=f.BCDA48F2D7587B655224B26DF84A8945.d.18DF6D2D863FA857888F317361A580E3.e.93}]
Capabilities {acceptInsecureCerts: false, browserName: chrome, browserVersion: 126.0.6478.127, chrome: {chromedriverVersion: 126.0.6478.126 (d36ace6122e..., userDataDir: C:\Users\dell\AppData\Local...}, fedcm:accounts: true, goog:chromeOptions: {debuggerAddress: localhost:2995}, networkConnectionEnabled: false, pageLoadStrategy: normal, platformName: windows, proxy: Proxy(), se:cdp: ws://localhost:2995/devtool..., se:cdpVersion: 126.0.6478.127, setWindowRect: true, strictFileInteractability: false, timeouts: {implicit: 0, pageLoad: 300000, script: 30000}, unhandledPromptBehavior: dismiss and notify, webauthn:extension:credBlob: true, webauthn:extension:largeBlob: true, webauthn:extension:minPinLength: true, webauthn:extension:prf: true, webauthn:virtualAuthenticators: true}
Element: [[ChromeDriver: chrome on windows (d844fe6e3043adf2bfc087164d2bf5c8)] -> xpath: (//a[contains(text(),'View All')])[2]]
Session ID: d844fe6e3043adf2bfc087164d2bf5c8
at java.base/jdk.internal.reflect.DirectConstructorHandleAccessor.newInstance(DirectConstructorHandleAccessor.java:62)
at java.base/java.lang.reflect.Constructor.newInstanceWithCaller(Constructor.java:502)
at java.base/java.lang.reflect.Constructor.newInstance(Constructor.java:486)
at org.openqa.selenium.remote.ErrorCodec.decode(ErrorCodec.java:167)
at org.openqa.selenium.remote.codec.w3c.W3CHttpResponseCodec.decode(W3CHttpResponseCodec.java:138)
at org.openqa.selenium.remote.codec.w3c.W3CHttpResponseCodec.decode(W3CHttpResponseCodec.java:50)
at org.openqa.selenium.remote.HttpCommandExecutor.execute(HttpCommandExecutor.java:190)
at org.openqa.selenium.remote.service.DriverCommandExecutor.invokeExecute(DriverCommandExecutor.java:216)
at org.openqa.selenium.remote.service.DriverCommandExecutor.execute(DriverCommandExecutor.java:174)
at org.openqa.selenium.remote.RemoteWebDriver.execute(RemoteWebDriver.java:518)
at org.openqa.selenium.remote.RemoteWebElement.execute(RemoteWebElement.java:223)
at org.openqa.selenium.remote.RemoteWebElement.click(RemoteWebElement.java:76)
at PageObject.HomePaget.viewallbtnenglish(HomePaget.java:127)
at Testcaseoutp.HomePagetests.contactuspage(HomePagetests.java:244)
at java.base/jdk.internal.reflect.DirectMethodHandleAccessor.invoke(DirectMethodHandleAccessor.java:103)
at java.base/java.lang.reflect.Method.invoke(Method.java:580)
at org.testng.internal.MethodInvocationHelper.invokeMethod(MethodInvocationHelper.java:133)
at org.testng.internal.TestInvoker.invokeMethod(TestInvoker.java:598)
at org.testng.internal.TestInvoker.invokeTestMethod(TestInvoker.java:173)
at org.testng.internal.MethodRunner.runInSequence(MethodRunner.java:46)
at org.testng.internal.TestInvoker$MethodInvocationAgent.invoke(TestInvoker.java:824)
at org.testng.internal.TestInvoker.invokeTestMethods(TestInvoker.java:146)
at org.testng.internal.TestMethodWorker.invokeTestMethods(TestMethodWorker.java:146)
at org.testng.internal.TestMethodWorker.run(TestMethodWorker.java:128)
at java.base/java.util.ArrayList.forEach(ArrayList.java:1597)
at org.testng.TestRunner.privateRun(TestRunner.java:794)
at org.testng.TestRunner.run(TestRunner.java:596)
at org.testng.SuiteRunner.runTest(SuiteRunner.java:377)
at org.testng.SuiteRunner.runSequentially(SuiteRunner.java:371)
at org.testng.SuiteRunner.privateRun(SuiteRunner.java:332)
at org.testng.SuiteRunner.run(SuiteRunner.java:276)
at org.testng.SuiteRunnerWorker.runSuite(SuiteRunnerWorker.java:53)
at org.testng.SuiteRunnerWorker.run(SuiteRunnerWorker.java:96)
at org.testng.TestNG.runSuitesSequentially(TestNG.java:1212)
at org.testng.TestNG.runSuitesLocally(TestNG.java:1134)
at org.testng.TestNG.runSuites(TestNG.java:1063)
at org.testng.TestNG.run(TestNG.java:1031)
at org.testng.remote.AbstractRemoteTestNG.run(AbstractRemoteTestNG.java:115)
at org.testng.remote.RemoteTestNG.initAndRun(RemoteTestNG.java:293)
at org.testng.remote.RemoteTestNG.main(RemoteTestNG.java:91)
]]>
    </error>
  </testcase> <!-- contactuspage -->
  <system-out/>
  <testcase classname="Testcaseoutp.HomePagetests" name="socialmedialiinksmethos" time="12.192"/>
  <system-out/>
  <testcase classname="Testcaseoutp.HomePagetests" name="addresstes" time="3.344"/>
  <system-out/>
  <testcase classname="Testcaseoutp.HomePagetests" name="getintouchEmail" time="10.800"/>
  <system-out/>
</testsuite> <!-- Testcaseoutp.HomePagetests -->
