<?xml version="1.0" encoding="UTF-8"?>
<!-- Generated by org.testng.reporters.JUnitReportReporter -->
<testsuite hostname="DESKTOP-NR7OAAO" failures="0" tests="22" name="Testcaseoutp.UserPaneTest" time="728.231" errors="1" timestamp="2024-06-28T17:24:01 IST" skipped="0">
  <testcase classname="Testcaseoutp.UserPaneTest" name="checklearningPage" time="55.396"/>
  <system-out/>
  <testcase classname="Testcaseoutp.UserPaneTest" name="coursespagetest" time="32.692"/>
  <system-out/>
  <testcase classname="Testcaseoutp.UserPaneTest" name="purchasesection" time="42.004"/>
  <system-out/>
  <testcase classname="Testcaseoutp.UserPaneTest" name="mycomments" time="32.230"/>
  <system-out/>
  <testcase classname="Testcaseoutp.UserPaneTest" name="favoritesection" time="35.365"/>
  <system-out/>
  <testcase classname="Testcaseoutp.UserPaneTest" name="Assignmentpage" time="25.340"/>
  <system-out/>
  <testcase classname="Testcaseoutp.UserPaneTest" name="quizzes" time="21.979"/>
  <system-out/>
  <testcase classname="Testcaseoutp.UserPaneTest" name="notparticpated" time="24.902"/>
  <system-out/>
  <testcase classname="Testcaseoutp.UserPaneTest" name="Financialsummary" time="16.073"/>
  <system-out/>
  <testcase classname="Testcaseoutp.UserPaneTest" name="installmentpage" time="26.870"/>
  <system-out/>
  <testcase classname="Testcaseoutp.UserPaneTest" name="viewdeatails" time="24.465"/>
  <system-out/>
  <testcase classname="Testcaseoutp.UserPaneTest" name="supporttest" time="20.199"/>
  <system-out/>
  <testcase classname="Testcaseoutp.UserPaneTest" name="supporttabew" time="24.898"/>
  <system-out/>
  <testcase classname="Testcaseoutp.UserPaneTest" name="Incustomersupport" time="19.769"/>
  <system-out/>
  <testcase classname="Testcaseoutp.UserPaneTest" name="ticketcustom" time="24.907"/>
  <system-out/>
  <testcase classname="Testcaseoutp.UserPaneTest" name="ticketcusto" time="28.472"/>
  <system-out/>
  <testcase classname="Testcaseoutp.UserPaneTest" name="Forumtab" time="27.986"/>
  <system-out/>
  <testcase classname="Testcaseoutp.UserPaneTest" name="Forumtabnewtopics" time="27.340"/>
  <system-out/>
  <testcase classname="Testcaseoutp.UserPaneTest" name="Forumtabnewtopics1" time="51.320"/>
  <system-out/>
  <testcase classname="Testcaseoutp.UserPaneTest" name="ForumtabnewPost" time="19.974"/>
  <system-out/>
  <testcase classname="Testcaseoutp.UserPaneTest" name="bookmarkspage" time="27.273"/>
  <system-out/>
  <testcase classname="Testcaseoutp.UserPaneTest" name="logoutpageuser" time="118.777">
    <error message="Unable to find element with locator By.xpath: //span[normalize-space()=&#039;Log out&#039;]
For documentation on this error, please visit: https://www.selenium.dev/documentation/webdriver/troubleshooting/errors#no-such-element-exception
Build info: version: &#039;4.20.0&#039;, revision: &#039;866c76ca80&#039;
System info: os.name: &#039;Windows 10&#039;, os.arch: &#039;amd64&#039;, os.version: &#039;10.0&#039;, java.version: &#039;22.0.1&#039;
Driver info: driver.version: RemoteWebDriver" type="org.openqa.selenium.NoSuchElementException">
      <![CDATA[org.openqa.selenium.NoSuchElementException: Unable to find element with locator By.xpath: //span[normalize-space()='Log out']
For documentation on this error, please visit: https://www.selenium.dev/documentation/webdriver/troubleshooting/errors#no-such-element-exception
Build info: version: '4.20.0', revision: '866c76ca80'
System info: os.name: 'Windows 10', os.arch: 'amd64', os.version: '10.0', java.version: '22.0.1'
Driver info: driver.version: RemoteWebDriver
at org.openqa.selenium.remote.ElementLocation$ElementFinder$2.findElement(ElementLocation.java:168)
at org.openqa.selenium.remote.ElementLocation.findElement(ElementLocation.java:59)
at org.openqa.selenium.remote.RemoteWebDriver.findElement(RemoteWebDriver.java:355)
at org.openqa.selenium.remote.RemoteWebDriver.findElement(RemoteWebDriver.java:349)
at PageObject.UserPanel.logoutpageuser(UserPanel.java:245)
at Testcaseoutp.UserPaneTest.logoutpageuser(UserPaneTest.java:619)
at java.base/jdk.internal.reflect.DirectMethodHandleAccessor.invoke(DirectMethodHandleAccessor.java:103)
at java.base/java.lang.reflect.Method.invoke(Method.java:580)
at org.testng.internal.MethodInvocationHelper.invokeMethod(MethodInvocationHelper.java:133)
at org.testng.internal.TestInvoker.invokeMethod(TestInvoker.java:598)
at org.testng.internal.TestInvoker.invokeTestMethod(TestInvoker.java:173)
at org.testng.internal.MethodRunner.runInSequence(MethodRunner.java:46)
at org.testng.internal.TestInvoker$MethodInvocationAgent.invoke(TestInvoker.java:824)
at org.testng.internal.TestInvoker.invokeTestMethods(TestInvoker.java:146)
at org.testng.internal.TestMethodWorker.invokeTestMethods(TestMethodWorker.java:146)
at org.testng.internal.TestMethodWorker.run(TestMethodWorker.java:128)
at java.base/java.util.ArrayList.forEach(ArrayList.java:1597)
at org.testng.TestRunner.privateRun(TestRunner.java:794)
at org.testng.TestRunner.run(TestRunner.java:596)
at org.testng.SuiteRunner.runTest(SuiteRunner.java:377)
at org.testng.SuiteRunner.runSequentially(SuiteRunner.java:371)
at org.testng.SuiteRunner.privateRun(SuiteRunner.java:332)
at org.testng.SuiteRunner.run(SuiteRunner.java:276)
at org.testng.SuiteRunnerWorker.runSuite(SuiteRunnerWorker.java:53)
at org.testng.SuiteRunnerWorker.run(SuiteRunnerWorker.java:96)
at org.testng.TestNG.runSuitesSequentially(TestNG.java:1212)
at org.testng.TestNG.runSuitesLocally(TestNG.java:1134)
at org.testng.TestNG.runSuites(TestNG.java:1063)
at org.testng.TestNG.run(TestNG.java:1031)
at org.testng.remote.AbstractRemoteTestNG.run(AbstractRemoteTestNG.java:115)
at org.testng.remote.RemoteTestNG.initAndRun(RemoteTestNG.java:293)
at org.testng.remote.RemoteTestNG.main(RemoteTestNG.java:91)
]]>
    </error>
  </testcase> <!-- logoutpageuser -->
  <system-out/>
</testsuite> <!-- Testcaseoutp.UserPaneTest -->
